Arguments: 
  C:\Program Files\nodejs\node.exe C:\Users\matroman\AppData\Roaming\npm\node_modules\yarn\bin\yarn.js add axios uuid

PATH: 
  C:\Program Files (x86)\VMware\VMware Player\bin\;C:\Windows\system32;C:\Windows;C:\Windows\System32\Wbem;C:\Windows\System32\WindowsPowerShell\v1.0\;C:\Windows\System32\OpenSSH\;C:\Program Files\nodejs\;C:\Program Files\Microsoft SQL Server\Client SDK\ODBC\170\Tools\Binn\;C:\Program Files\Microsoft SQL Server\150\Tools\Binn\;C:\Program Files\dotnet\;C:\Program Files (x86)\Microsoft SQL Server\160\Tools\Binn\;C:\Program Files\Microsoft SQL Server\160\Tools\Binn\;C:\Program Files\Microsoft SQL Server\160\DTS\Binn\;C:\Program Files\Azure Data Studio\bin;C:\Program Files\Docker\Docker\resources\bin;C:\Program Files (x86)\Microsoft SQL Server\160\DTS\Binn\;C:\Users\matroman\.console-ninja\.bin;C:\Users\matroman\AppData\Local\Microsoft\WindowsApps;C:\Users\matroman\AppData\Local\Programs\Microsoft VS Code\bin;C:\Users\matroman\AppData\Roaming\npm;C:\Users\matroman\AppData\Local\Programs\Git\cmd;C:\Users\matroman\.dotnet\tools;C:\Program Files\Azure Data Studio\bin;C:\Program Files\JetBrains\WebStorm 2023.2.5\bin;;C:\Users\matroman\AppData\Local\Programs\oh-my-posh\bin;C:\Users\matroman\Documents\projects\hydrogen-storefront\node_modules\.bin

Yarn version: 
  1.22.19

Node version: 
  18.16.0

Platform: 
  win32 x64

Trace: 
  Error: EPERM: operation not permitted, unlink 'C:\Users\matroman\Documents\projects\hydrogen-storefront\node_modules\@parcel\watcher-win32-x64\watcher.node'

npm manifest: 
  {
      "name": "hydrogen-storefront",
      "private": true,
      "sideEffects": false,
      "version": "1.0.0",
      "scripts": {
          "build": "shopify hydrogen build",
          "dev": "shopify hydrogen dev --codegen",
          "preview": "npm run build && shopify hydrogen preview",
          "lint": "eslint --no-error-on-unmatched-pattern --ext .js,.ts,.jsx,.tsx .",
          "typecheck": "tsc --noEmit",
          "codegen": "shopify hydrogen codegen"
      },
      "dependencies": {
          "@apollo/client": "^3.8.7",
          "@remix-run/react": "2.1.0",
          "@shopify/cli": "3.50.0",
          "@shopify/cli-hydrogen": "^6.0.0",
          "@shopify/hydrogen": "^2023.10.0",
          "@shopify/remix-oxygen": "^2.0.0",
          "@thebeyondgroup/shopify-rich-text-renderer": "^1.0.0",
          "graphql": "^16.8.1",
          "graphql-tag": "^2.12.6",
          "isbot": "^3.6.6",
          "react": "^18.2.0",
          "react-dom": "^18.2.0",
          "swiper": "^11.0.5"
      },
      "devDependencies": {
          "@remix-run/dev": "2.1.0",
          "@remix-run/eslint-config": "2.1.0",
          "@shopify/oxygen-workers-types": "^3.17.3",
          "@shopify/prettier-config": "^1.1.2",
          "@total-typescript/ts-reset": "^0.4.2",
          "@types/eslint": "^8.4.10",
          "@types/react": "^18.2.22",
          "@types/react-dom": "^18.2.7",
          "eslint": "^8.20.0",
          "eslint-plugin-hydrogen": "0.12.2",
          "prettier": "^2.8.4",
          "typescript": "^5.2.2"
      },
      "engines": {
          "node": ">=16.13"
      },
      "prettier": {
          "tabWidth": 4,
          "singleQuote": true,
          "semi": false,
          "jsxSingleQuote": true,
          "jsxBracketSameLine": false
      }
  }

yarn manifest: 
  No manifest

Lockfile: 
  No lockfile
